<?xml version="1.0" encoding="UTF-8"?>
<!-- Generated by org.testng.reporters.JUnitReportReporter -->
<testsuite hostname="Fatais-MacBook-Pro.local" failures="0" tests="1" name="baseClass.AppiumBasics" time="18.911" errors="0" timestamp="2024-06-05T17:44:03 WAT" skipped="0">
  <testcase classname="baseClass.AppiumBasics" name="AppiumTest" time="18.911"/>
</testsuite> <!-- baseClass.AppiumBasics -->
